<?xml version="1.0" encoding="UTF-8"?>
<coverage generated="1770932541432" clover="3.2.0">
  <project timestamp="1770932541432" name="All files">
    <metrics statements="328" coveredstatements="145" conditionals="171" coveredconditionals="65" methods="44" coveredmethods="24" elements="543" coveredelements="234" complexity="0" loc="328" ncloc="328" packages="2" files="2" classes="2"/>
    <package name="transport_radar_russia">
      <metrics statements="161" coveredstatements="0" conditionals="86" coveredconditionals="0" methods="17" coveredmethods="0"/>
      <file name="server.js" path="/home/runner/work/transport_radar_russia/transport_radar_russia/server.js">
        <metrics statements="161" coveredstatements="0" conditionals="86" coveredconditionals="0" methods="17" coveredmethods="0"/>
        <line num="1" count="0" type="stmt"/>
        <line num="2" count="0" type="stmt"/>
        <line num="3" count="0" type="stmt"/>
        <line num="5" count="0" type="stmt"/>
        <line num="6" count="0" type="cond" truecount="0" falsecount="2"/>
        <line num="9" count="0" type="stmt"/>
        <line num="12" count="0" type="stmt"/>
        <line num="15" count="0" type="stmt"/>
        <line num="19" count="0" type="stmt"/>
        <line num="20" count="0" type="stmt"/>
        <line num="23" count="0" type="stmt"/>
        <line num="24" count="0" type="stmt"/>
        <line num="25" count="0" type="stmt"/>
        <line num="28" count="0" type="stmt"/>
        <line num="30" count="0" type="cond" truecount="0" falsecount="2"/>
        <line num="31" count="0" type="stmt"/>
        <line num="34" count="0" type="stmt"/>
        <line num="37" count="0" type="stmt"/>
        <line num="39" count="0" type="cond" truecount="0" falsecount="2"/>
        <line num="40" count="0" type="stmt"/>
        <line num="43" count="0" type="stmt"/>
        <line num="44" count="0" type="stmt"/>
        <line num="46" count="0" type="stmt"/>
        <line num="49" count="0" type="stmt"/>
        <line num="50" count="0" type="stmt"/>
        <line num="51" count="0" type="stmt"/>
        <line num="52" count="0" type="stmt"/>
        <line num="54" count="0" type="stmt"/>
        <line num="55" count="0" type="stmt"/>
        <line num="60" count="0" type="stmt"/>
        <line num="61" count="0" type="cond" truecount="0" falsecount="2"/>
        <line num="62" count="0" type="stmt"/>
        <line num="65" count="0" type="stmt"/>
        <line num="68" count="0" type="cond" truecount="0" falsecount="5"/>
        <line num="69" count="0" type="stmt"/>
        <line num="73" count="0" type="cond" truecount="0" falsecount="2"/>
        <line num="74" count="0" type="cond" truecount="0" falsecount="2"/>
        <line num="77" count="0" type="cond" truecount="0" falsecount="4"/>
        <line num="78" count="0" type="stmt"/>
        <line num="81" count="0" type="cond" truecount="0" falsecount="5"/>
        <line num="82" count="0" type="stmt"/>
        <line num="86" count="0" type="stmt"/>
        <line num="88" count="0" type="cond" truecount="0" falsecount="4"/>
        <line num="89" count="0" type="stmt"/>
        <line num="90" count="0" type="stmt"/>
        <line num="91" count="0" type="stmt"/>
        <line num="92" count="0" type="stmt"/>
        <line num="93" count="0" type="cond" truecount="0" falsecount="2"/>
        <line num="98" count="0" type="stmt"/>
        <line num="99" count="0" type="stmt"/>
        <line num="100" count="0" type="stmt"/>
        <line num="101" count="0" type="stmt"/>
        <line num="102" count="0" type="stmt"/>
        <line num="105" count="0" type="stmt"/>
        <line num="119" count="0" type="stmt"/>
        <line num="120" count="0" type="stmt"/>
        <line num="122" count="0" type="cond" truecount="0" falsecount="2"/>
        <line num="123" count="0" type="stmt"/>
        <line num="126" count="0" type="stmt"/>
        <line num="127" count="0" type="stmt"/>
        <line num="130" count="0" type="stmt"/>
        <line num="136" count="0" type="cond" truecount="0" falsecount="2"/>
        <line num="137" count="0" type="cond" truecount="0" falsecount="2"/>
        <line num="138" count="0" type="stmt"/>
        <line num="144" count="0" type="stmt"/>
        <line num="145" count="0" type="stmt"/>
        <line num="152" count="0" type="stmt"/>
        <line num="155" count="0" type="cond" truecount="0" falsecount="2"/>
        <line num="156" count="0" type="stmt"/>
        <line num="159" count="0" type="stmt"/>
        <line num="161" count="0" type="stmt"/>
        <line num="162" count="0" type="stmt"/>
        <line num="170" count="0" type="stmt"/>
        <line num="171" count="0" type="stmt"/>
        <line num="174" count="0" type="cond" truecount="0" falsecount="2"/>
        <line num="175" count="0" type="cond" truecount="0" falsecount="2"/>
        <line num="176" count="0" type="stmt"/>
        <line num="181" count="0" type="cond" truecount="0" falsecount="2"/>
        <line num="182" count="0" type="stmt"/>
        <line num="185" count="0" type="stmt"/>
        <line num="187" count="0" type="stmt"/>
        <line num="188" count="0" type="stmt"/>
        <line num="190" count="0" type="cond" truecount="0" falsecount="2"/>
        <line num="191" count="0" type="stmt"/>
        <line num="196" count="0" type="stmt"/>
        <line num="199" count="0" type="cond" truecount="0" falsecount="2"/>
        <line num="200" count="0" type="stmt"/>
        <line num="207" count="0" type="stmt"/>
        <line num="208" count="0" type="stmt"/>
        <line num="214" count="0" type="cond" truecount="0" falsecount="2"/>
        <line num="215" count="0" type="cond" truecount="0" falsecount="2"/>
        <line num="216" count="0" type="stmt"/>
        <line num="221" count="0" type="stmt"/>
        <line num="227" count="0" type="stmt"/>
        <line num="229" count="0" type="cond" truecount="0" falsecount="2"/>
        <line num="230" count="0" type="stmt"/>
        <line num="234" count="0" type="stmt"/>
        <line num="235" count="0" type="cond" truecount="0" falsecount="2"/>
        <line num="236" count="0" type="stmt"/>
        <line num="237" count="0" type="cond" truecount="0" falsecount="4"/>
        <line num="239" count="0" type="stmt"/>
        <line num="240" count="0" type="cond" truecount="0" falsecount="2"/>
        <line num="241" count="0" type="stmt"/>
        <line num="246" count="0" type="stmt"/>
        <line num="253" count="0" type="stmt"/>
        <line num="256" count="0" type="stmt"/>
        <line num="257" count="0" type="stmt"/>
        <line num="259" count="0" type="stmt"/>
        <line num="261" count="0" type="stmt"/>
        <line num="267" count="0" type="stmt"/>
        <line num="268" count="0" type="stmt"/>
        <line num="276" count="0" type="stmt"/>
        <line num="277" count="0" type="stmt"/>
        <line num="278" count="0" type="stmt"/>
        <line num="280" count="0" type="cond" truecount="0" falsecount="4"/>
        <line num="281" count="0" type="stmt"/>
        <line num="284" count="0" type="stmt"/>
        <line num="285" count="0" type="cond" truecount="0" falsecount="2"/>
        <line num="286" count="0" type="stmt"/>
        <line num="289" count="0" type="stmt"/>
        <line num="290" count="0" type="stmt"/>
        <line num="293" count="0" type="stmt"/>
        <line num="294" count="0" type="stmt"/>
        <line num="296" count="0" type="cond" truecount="0" falsecount="2"/>
        <line num="297" count="0" type="stmt"/>
        <line num="303" count="0" type="stmt"/>
        <line num="304" count="0" type="stmt"/>
        <line num="305" count="0" type="stmt"/>
        <line num="308" count="0" type="cond" truecount="0" falsecount="2"/>
        <line num="309" count="0" type="stmt"/>
        <line num="310" count="0" type="cond" truecount="0" falsecount="2"/>
        <line num="312" count="0" type="cond" truecount="0" falsecount="2"/>
        <line num="313" count="0" type="stmt"/>
        <line num="319" count="0" type="stmt"/>
        <line num="320" count="0" type="cond" truecount="0" falsecount="2"/>
        <line num="322" count="0" type="stmt"/>
        <line num="323" count="0" type="stmt"/>
        <line num="332" count="0" type="cond" truecount="0" falsecount="2"/>
        <line num="333" count="0" type="stmt"/>
        <line num="339" count="0" type="stmt"/>
        <line num="342" count="0" type="stmt"/>
        <line num="345" count="0" type="stmt"/>
        <line num="346" count="0" type="stmt"/>
        <line num="351" count="0" type="stmt"/>
        <line num="352" count="0" type="stmt"/>
        <line num="354" count="0" type="stmt"/>
        <line num="355" count="0" type="cond" truecount="0" falsecount="2"/>
        <line num="356" count="0" type="stmt"/>
        <line num="359" count="0" type="stmt"/>
        <line num="360" count="0" type="stmt"/>
        <line num="363" count="0" type="stmt"/>
        <line num="364" count="0" type="cond" truecount="0" falsecount="2"/>
        <line num="365" count="0" type="stmt"/>
        <line num="369" count="0" type="stmt"/>
        <line num="372" count="0" type="stmt"/>
        <line num="373" count="0" type="stmt"/>
        <line num="379" count="0" type="stmt"/>
        <line num="381" count="0" type="stmt"/>
        <line num="382" count="0" type="stmt"/>
        <line num="383" count="0" type="stmt"/>
        <line num="387" count="0" type="stmt"/>
      </file>
    </package>
    <package name="transport_radar_russia.public">
      <metrics statements="167" coveredstatements="145" conditionals="85" coveredconditionals="65" methods="27" coveredmethods="24"/>
      <file name="SearchableStopDropdown.js" path="/home/runner/work/transport_radar_russia/transport_radar_russia/public/SearchableStopDropdown.js">
        <metrics statements="167" coveredstatements="145" conditionals="85" coveredconditionals="65" methods="27" coveredmethods="24"/>
        <line num="15" count="18" type="stmt"/>
        <line num="16" count="18" type="cond" truecount="2" falsecount="0"/>
        <line num="17" count="18" type="cond" truecount="1" falsecount="1"/>
        <line num="18" count="18" type="cond" truecount="2" falsecount="0"/>
        <line num="19" count="18" type="cond" truecount="2" falsecount="0"/>
        <line num="20" count="18" type="cond" truecount="2" falsecount="0"/>
        <line num="23" count="18" type="stmt"/>
        <line num="24" count="18" type="stmt"/>
        <line num="25" count="18" type="stmt"/>
        <line num="26" count="18" type="stmt"/>
        <line num="27" count="18" type="stmt"/>
        <line num="28" count="18" type="stmt"/>
        <line num="29" count="18" type="stmt"/>
        <line num="30" count="18" type="stmt"/>
        <line num="31" count="18" type="stmt"/>
        <line num="32" count="18" type="stmt"/>
        <line num="33" count="18" type="stmt"/>
        <line num="36" count="18" type="stmt"/>
        <line num="37" count="18" type="stmt"/>
        <line num="40" count="18" type="stmt"/>
        <line num="41" count="18" type="stmt"/>
        <line num="48" count="18" type="stmt"/>
        <line num="49" count="18" type="cond" truecount="1" falsecount="1"/>
        <line num="50" count="0" type="stmt"/>
        <line num="51" count="0" type="stmt"/>
        <line num="54" count="18" type="stmt"/>
        <line num="84" count="18" type="stmt"/>
        <line num="102" count="18" type="stmt"/>
        <line num="103" count="15" type="stmt"/>
        <line num="106" count="18" type="stmt"/>
        <line num="107" count="7" type="stmt"/>
        <line num="110" count="18" type="stmt"/>
        <line num="111" count="8" type="stmt"/>
        <line num="115" count="18" type="stmt"/>
        <line num="116" count="0" type="stmt"/>
        <line num="120" count="18" type="stmt"/>
        <line num="121" count="25" type="cond" truecount="2" falsecount="0"/>
        <line num="122" count="23" type="stmt"/>
        <line num="131" count="15" type="stmt"/>
        <line num="134" count="15" type="cond" truecount="2" falsecount="0"/>
        <line num="135" count="8" type="stmt"/>
        <line num="139" count="15" type="stmt"/>
        <line num="140" count="12" type="stmt"/>
        <line num="141" count="12" type="stmt"/>
        <line num="149" count="8" type="cond" truecount="1" falsecount="1"/>
        <line num="150" count="0" type="cond" truecount="0" falsecount="2"/>
        <line num="151" count="0" type="stmt"/>
        <line num="152" count="0" type="stmt"/>
        <line num="154" count="0" type="stmt"/>
        <line num="157" count="8" type="cond" truecount="4" falsecount="0"/>
        <line num="159" count="5" type="stmt"/>
        <line num="160" count="5" type="stmt"/>
        <line num="161" count="5" type="stmt"/>
        <line num="162" count="5" type="stmt"/>
        <line num="165" count="1" type="stmt"/>
        <line num="166" count="1" type="stmt"/>
        <line num="167" count="1" type="stmt"/>
        <line num="168" count="1" type="stmt"/>
        <line num="171" count="1" type="stmt"/>
        <line num="172" count="1" type="cond" truecount="3" falsecount="1"/>
        <line num="173" count="1" type="stmt"/>
        <line num="175" count="1" type="stmt"/>
        <line num="178" count="1" type="stmt"/>
        <line num="179" count="1" type="stmt"/>
        <line num="180" count="1" type="stmt"/>
        <line num="189" count="19" type="cond" truecount="2" falsecount="0"/>
        <line num="190" count="5" type="stmt"/>
        <line num="194" count="19" type="stmt"/>
        <line num="195" count="19" type="stmt"/>
        <line num="197" count="19" type="cond" truecount="2" falsecount="0"/>
        <line num="198" count="1" type="stmt"/>
        <line num="199" count="1" type="stmt"/>
        <line num="203" count="18" type="stmt"/>
        <line num="204" count="18" type="stmt"/>
        <line num="205" count="18" type="stmt"/>
        <line num="208" count="18" type="stmt"/>
        <line num="210" count="18" type="stmt"/>
        <line num="211" count="18" type="stmt"/>
        <line num="216" count="18" type="cond" truecount="2" falsecount="0"/>
        <line num="217" count="9" type="stmt"/>
        <line num="220" count="18" type="stmt"/>
        <line num="224" count="18" type="cond" truecount="1" falsecount="1"/>
        <line num="225" count="0" type="stmt"/>
        <line num="228" count="18" type="stmt"/>
        <line num="231" count="18" type="cond" truecount="1" falsecount="1"/>
        <line num="232" count="18" type="cond" truecount="1" falsecount="1"/>
        <line num="242" count="18" type="stmt"/>
        <line num="244" count="18" type="stmt"/>
        <line num="247" count="0" type="cond" truecount="0" falsecount="2"/>
        <line num="249" count="0" type="stmt"/>
        <line num="252" count="0" type="stmt"/>
        <line num="253" count="0" type="stmt"/>
        <line num="254" count="0" type="stmt"/>
        <line num="262" count="0" type="stmt"/>
        <line num="263" count="0" type="stmt"/>
        <line num="270" count="19" type="stmt"/>
        <line num="271" count="19" type="stmt"/>
        <line num="273" count="19" type="stmt"/>
        <line num="275" count="19" type="cond" truecount="1" falsecount="1"/>
        <line num="276" count="19" type="stmt"/>
        <line num="279" count="0" type="stmt"/>
        <line num="282" count="19" type="stmt"/>
        <line num="283" count="19" type="stmt"/>
        <line num="285" count="19" type="stmt"/>
        <line num="286" count="19" type="stmt"/>
        <line num="293" count="19" type="stmt"/>
        <line num="295" count="19" type="cond" truecount="2" falsecount="0"/>
        <line num="296" count="2" type="stmt"/>
        <line num="299" count="17" type="stmt"/>
        <line num="300" count="61" type="stmt"/>
        <line num="301" count="61" type="stmt"/>
        <line num="302" count="61" type="stmt"/>
        <line num="303" count="61" type="stmt"/>
        <line num="304" count="61" type="stmt"/>
        <line num="306" count="61" type="cond" truecount="1" falsecount="1"/>
        <line num="307" count="0" type="stmt"/>
        <line num="308" count="0" type="stmt"/>
        <line num="311" count="61" type="stmt"/>
        <line num="312" count="2" type="stmt"/>
        <line num="315" count="61" type="stmt"/>
        <line num="323" count="6" type="stmt"/>
        <line num="324" count="6" type="stmt"/>
        <line num="325" count="30" type="cond" truecount="2" falsecount="0"/>
        <line num="326" count="6" type="stmt"/>
        <line num="327" count="6" type="stmt"/>
        <line num="329" count="6" type="cond" truecount="1" falsecount="1"/>
        <line num="330" count="0" type="stmt"/>
        <line num="333" count="24" type="stmt"/>
        <line num="334" count="24" type="stmt"/>
        <line num="343" count="3" type="stmt"/>
        <line num="344" count="3" type="stmt"/>
        <line num="345" count="3" type="stmt"/>
        <line num="346" count="3" type="stmt"/>
        <line num="353" count="37" type="cond" truecount="2" falsecount="0"/>
        <line num="354" count="37" type="cond" truecount="1" falsecount="1"/>
        <line num="355" count="37" type="stmt"/>
        <line num="357" count="37" type="cond" truecount="2" falsecount="0"/>
        <line num="358" count="37" type="stmt"/>
        <line num="361" count="37" type="cond" truecount="1" falsecount="1"/>
        <line num="362" count="0" type="stmt"/>
        <line num="370" count="7" type="stmt"/>
        <line num="371" count="7" type="stmt"/>
        <line num="372" count="7" type="stmt"/>
        <line num="375" count="7" type="cond" truecount="1" falsecount="1"/>
        <line num="376" count="7" type="stmt"/>
        <line num="384" count="28" type="stmt"/>
        <line num="385" count="28" type="stmt"/>
        <line num="386" count="28" type="stmt"/>
        <line num="387" count="28" type="stmt"/>
        <line num="394" count="19" type="stmt"/>
        <line num="395" count="19" type="cond" truecount="2" falsecount="0"/>
        <line num="397" count="2" type="stmt"/>
        <line num="398" count="2" type="cond" truecount="2" falsecount="0"/>
        <line num="399" count="1" type="stmt"/>
        <line num="400" count="1" type="stmt"/>
        <line num="403" count="1" type="stmt"/>
        <line num="410" count="18" type="stmt"/>
        <line num="416" count="18" type="cond" truecount="1" falsecount="1"/>
        <line num="417" count="0" type="stmt"/>
        <line num="418" count="0" type="stmt"/>
        <line num="426" count="18" type="cond" truecount="2" falsecount="0"/>
        <line num="427" count="7" type="stmt"/>
        <line num="429" count="18" type="cond" truecount="2" falsecount="0"/>
        <line num="430" count="14" type="stmt"/>
        <line num="432" count="18" type="stmt"/>
        <line num="437" count="1" type="cond" truecount="3" falsecount="1"/>
        <line num="438" count="1" type="stmt"/>
      </file>
    </package>
  </project>
</coverage>
