{"/home/runner/work/transport_radar_russia/transport_radar_russia/server.js": {"path":"/home/runner/work/transport_radar_russia/transport_radar_russia/server.js","statementMap":{"0":{"start":{"line":1,"column":16},"end":{"line":1,"column":34}},"1":{"start":{"line":2,"column":13},"end":{"line":2,"column":28}},"2":{"start":{"line":3,"column":11},"end":{"line":3,"column":33}},"3":{"start":{"line":5,"column":12},"end":{"line":5,"column":21}},"4":{"start":{"line":6,"column":13},"end":{"line":6,"column":37}},"5":{"start":{"line":9,"column":0},"end":{"line":9,"column":24}},"6":{"start":{"line":12,"column":0},"end":{"line":12,"column":34}},"7":{"start":{"line":15,"column":16},"end":{"line":15,"column":20}},"8":{"start":{"line":19,"column":21},"end":{"line":19,"column":30}},"9":{"start":{"line":20,"column":26},"end":{"line":20,"column":27}},"10":{"start":{"line":23,"column":24},"end":{"line":23,"column":33}},"11":{"start":{"line":24,"column":26},"end":{"line":24,"column":31}},"12":{"start":{"line":25,"column":31},"end":{"line":25,"column":33}},"13":{"start":{"line":28,"column":14},"end":{"line":28,"column":24}},"14":{"start":{"line":30,"column":2},"end":{"line":32,"column":3}},"15":{"start":{"line":31,"column":4},"end":{"line":31,"column":32}},"16":{"start":{"line":34,"column":19},"end":{"line":34,"column":42}},"17":{"start":{"line":37,"column":25},"end":{"line":37,"column":80}},"18":{"start":{"line":37,"column":49},"end":{"line":37,"column":79}},"19":{"start":{"line":39,"column":2},"end":{"line":41,"column":3}},"20":{"start":{"line":40,"column":4},"end":{"line":40,"column":17}},"21":{"start":{"line":43,"column":2},"end":{"line":43,"column":27}},"22":{"start":{"line":44,"column":2},"end":{"line":44,"column":42}},"23":{"start":{"line":46,"column":2},"end":{"line":46,"column":14}},"24":{"start":{"line":49,"column":2},"end":{"line":56,"column":3}},"25":{"start":{"line":50,"column":17},"end":{"line":50,"column":78}},"26":{"start":{"line":51,"column":4},"end":{"line":51,"column":33}},"27":{"start":{"line":52,"column":4},"end":{"line":52,"column":50}},"28":{"start":{"line":54,"column":4},"end":{"line":54,"column":54}},"29":{"start":{"line":55,"column":4},"end":{"line":55,"column":20}},"30":{"start":{"line":60,"column":0},"end":{"line":116,"column":3}},"31":{"start":{"line":61,"column":2},"end":{"line":63,"column":3}},"32":{"start":{"line":62,"column":4},"end":{"line":62,"column":68}},"33":{"start":{"line":65,"column":38},"end":{"line":65,"column":47}},"34":{"start":{"line":68,"column":2},"end":{"line":70,"column":3}},"35":{"start":{"line":69,"column":4},"end":{"line":69,"column":31}},"36":{"start":{"line":73,"column":18},"end":{"line":73,"column":61}},"37":{"start":{"line":74,"column":19},"end":{"line":74,"column":73}},"38":{"start":{"line":77,"column":2},"end":{"line":79,"column":3}},"39":{"start":{"line":78,"column":4},"end":{"line":78,"column":80}},"40":{"start":{"line":81,"column":2},"end":{"line":83,"column":3}},"41":{"start":{"line":82,"column":4},"end":{"line":82,"column":91}},"42":{"start":{"line":86,"column":22},"end":{"line":86,"column":37}},"43":{"start":{"line":88,"column":2},"end":{"line":95,"column":3}},"44":{"start":{"line":89,"column":25},"end":{"line":89,"column":52}},"45":{"start":{"line":90,"column":4},"end":{"line":94,"column":7}},"46":{"start":{"line":91,"column":24},"end":{"line":91,"column":70}},"47":{"start":{"line":92,"column":24},"end":{"line":92,"column":72}},"48":{"start":{"line":93,"column":6},"end":{"line":93,"column":36}},"49":{"start":{"line":98,"column":16},"end":{"line":98,"column":36}},"50":{"start":{"line":99,"column":21},"end":{"line":99,"column":48}},"51":{"start":{"line":100,"column":21},"end":{"line":100,"column":45}},"52":{"start":{"line":101,"column":19},"end":{"line":101,"column":40}},"53":{"start":{"line":102,"column":25},"end":{"line":102,"column":66}},"54":{"start":{"line":105,"column":2},"end":{"line":115,"column":5}},"55":{"start":{"line":119,"column":0},"end":{"line":167,"column":3}},"56":{"start":{"line":120,"column":19},"end":{"line":120,"column":29}},"57":{"start":{"line":122,"column":2},"end":{"line":124,"column":3}},"58":{"start":{"line":123,"column":4},"end":{"line":123,"column":73}},"59":{"start":{"line":126,"column":2},"end":{"line":166,"column":3}},"60":{"start":{"line":127,"column":16},"end":{"line":127,"column":65}},"61":{"start":{"line":130,"column":21},"end":{"line":134,"column":6}},"62":{"start":{"line":136,"column":4},"end":{"line":150,"column":5}},"63":{"start":{"line":137,"column":6},"end":{"line":142,"column":7}},"64":{"start":{"line":138,"column":8},"end":{"line":141,"column":11}},"65":{"start":{"line":144,"column":24},"end":{"line":144,"column":45}},"66":{"start":{"line":145,"column":6},"end":{"line":149,"column":9}},"67":{"start":{"line":152,"column":17},"end":{"line":152,"column":38}},"68":{"start":{"line":155,"column":4},"end":{"line":157,"column":5}},"69":{"start":{"line":156,"column":6},"end":{"line":156,"column":77}},"70":{"start":{"line":156,"column":54},"end":{"line":156,"column":75}},"71":{"start":{"line":159,"column":4},"end":{"line":159,"column":19}},"72":{"start":{"line":161,"column":4},"end":{"line":161,"column":54}},"73":{"start":{"line":162,"column":4},"end":{"line":165,"column":7}},"74":{"start":{"line":170,"column":0},"end":{"line":273,"column":3}},"75":{"start":{"line":171,"column":18},"end":{"line":171,"column":26}},"76":{"start":{"line":174,"column":19},"end":{"line":174,"column":57}},"77":{"start":{"line":175,"column":2},"end":{"line":179,"column":3}},"78":{"start":{"line":176,"column":4},"end":{"line":178,"column":7}},"79":{"start":{"line":181,"column":2},"end":{"line":183,"column":3}},"80":{"start":{"line":182,"column":4},"end":{"line":182,"column":70}},"81":{"start":{"line":185,"column":2},"end":{"line":272,"column":3}},"82":{"start":{"line":187,"column":23},"end":{"line":187,"column":77}},"83":{"start":{"line":188,"column":18},"end":{"line":188,"column":39}},"84":{"start":{"line":190,"column":4},"end":{"line":194,"column":5}},"85":{"start":{"line":191,"column":6},"end":{"line":193,"column":9}},"86":{"start":{"line":196,"column":17},"end":{"line":196,"column":25}},"87":{"start":{"line":199,"column":4},"end":{"line":204,"column":5}},"88":{"start":{"line":199,"column":37},"end":{"line":199,"column":55}},"89":{"start":{"line":200,"column":6},"end":{"line":203,"column":9}},"90":{"start":{"line":207,"column":19},"end":{"line":207,"column":68}},"91":{"start":{"line":208,"column":21},"end":{"line":212,"column":6}},"92":{"start":{"line":214,"column":4},"end":{"line":225,"column":5}},"93":{"start":{"line":215,"column":6},"end":{"line":220,"column":7}},"94":{"start":{"line":216,"column":8},"end":{"line":219,"column":11}},"95":{"start":{"line":221,"column":6},"end":{"line":224,"column":9}},"96":{"start":{"line":227,"column":17},"end":{"line":227,"column":38}},"97":{"start":{"line":229,"column":4},"end":{"line":231,"column":5}},"98":{"start":{"line":230,"column":6},"end":{"line":230,"column":87}},"99":{"start":{"line":234,"column":20},"end":{"line":234,"column":32}},"100":{"start":{"line":235,"column":4},"end":{"line":243,"column":5}},"101":{"start":{"line":236,"column":6},"end":{"line":236,"column":33}},"102":{"start":{"line":237,"column":11},"end":{"line":243,"column":5}},"103":{"start":{"line":239,"column":25},"end":{"line":239,"column":42}},"104":{"start":{"line":240,"column":6},"end":{"line":242,"column":7}},"105":{"start":{"line":241,"column":8},"end":{"line":241,"column":51}},"106":{"start":{"line":246,"column":20},"end":{"line":250,"column":5}},"107":{"start":{"line":253,"column":4},"end":{"line":253,"column":34}},"108":{"start":{"line":256,"column":22},"end":{"line":256,"column":56}},"109":{"start":{"line":257,"column":4},"end":{"line":257,"column":78}},"110":{"start":{"line":259,"column":4},"end":{"line":259,"column":74}},"111":{"start":{"line":261,"column":4},"end":{"line":264,"column":7}},"112":{"start":{"line":267,"column":4},"end":{"line":267,"column":50}},"113":{"start":{"line":268,"column":4},"end":{"line":271,"column":7}},"114":{"start":{"line":276,"column":0},"end":{"line":348,"column":3}},"115":{"start":{"line":277,"column":19},"end":{"line":277,"column":29}},"116":{"start":{"line":278,"column":24},"end":{"line":278,"column":32}},"117":{"start":{"line":280,"column":2},"end":{"line":282,"column":3}},"118":{"start":{"line":281,"column":4},"end":{"line":281,"column":74}},"119":{"start":{"line":284,"column":2},"end":{"line":347,"column":3}},"120":{"start":{"line":285,"column":4},"end":{"line":287,"column":5}},"121":{"start":{"line":286,"column":6},"end":{"line":286,"column":40}},"122":{"start":{"line":289,"column":25},"end":{"line":289,"column":47}},"123":{"start":{"line":290,"column":24},"end":{"line":290,"column":48}},"124":{"start":{"line":293,"column":4},"end":{"line":340,"column":7}},"125":{"start":{"line":294,"column":25},"end":{"line":294,"column":37}},"126":{"start":{"line":296,"column":6},"end":{"line":301,"column":7}},"127":{"start":{"line":297,"column":8},"end":{"line":300,"column":11}},"128":{"start":{"line":303,"column":23},"end":{"line":303,"column":51}},"129":{"start":{"line":304,"column":28},"end":{"line":304,"column":58}},"130":{"start":{"line":305,"column":23},"end":{"line":305,"column":32}},"131":{"start":{"line":308,"column":6},"end":{"line":316,"column":7}},"132":{"start":{"line":309,"column":8},"end":{"line":315,"column":11}},"133":{"start":{"line":310,"column":10},"end":{"line":314,"column":11}},"134":{"start":{"line":312,"column":27},"end":{"line":312,"column":73}},"135":{"start":{"line":313,"column":12},"end":{"line":313,"column":33}},"136":{"start":{"line":319,"column":6},"end":{"line":336,"column":9}},"137":{"start":{"line":320,"column":8},"end":{"line":335,"column":9}},"138":{"start":{"line":322,"column":30},"end":{"line":322,"column":40}},"139":{"start":{"line":323,"column":10},"end":{"line":329,"column":13}},"140":{"start":{"line":332,"column":10},"end":{"line":334,"column":11}},"141":{"start":{"line":333,"column":12},"end":{"line":333,"column":76}},"142":{"start":{"line":339,"column":6},"end":{"line":339,"column":39}},"143":{"start":{"line":342,"column":4},"end":{"line":342,"column":32}},"144":{"start":{"line":345,"column":4},"end":{"line":345,"column":50}},"145":{"start":{"line":346,"column":4},"end":{"line":346,"column":59}},"146":{"start":{"line":351,"column":0},"end":{"line":375,"column":3}},"147":{"start":{"line":352,"column":19},"end":{"line":352,"column":29}},"148":{"start":{"line":354,"column":2},"end":{"line":374,"column":3}},"149":{"start":{"line":355,"column":4},"end":{"line":357,"column":5}},"150":{"start":{"line":356,"column":6},"end":{"line":356,"column":26}},"151":{"start":{"line":359,"column":25},"end":{"line":359,"column":47}},"152":{"start":{"line":360,"column":20},"end":{"line":360,"column":22}},"153":{"start":{"line":363,"column":4},"end":{"line":367,"column":7}},"154":{"start":{"line":364,"column":6},"end":{"line":366,"column":7}},"155":{"start":{"line":365,"column":8},"end":{"line":365,"column":43}},"156":{"start":{"line":369,"column":4},"end":{"line":369,"column":22}},"157":{"start":{"line":372,"column":4},"end":{"line":372,"column":51}},"158":{"start":{"line":373,"column":4},"end":{"line":373,"column":64}},"159":{"start":{"line":379,"column":2},"end":{"line":379,"column":20}},"160":{"start":{"line":381,"column":2},"end":{"line":384,"column":5}},"161":{"start":{"line":382,"column":4},"end":{"line":382,"column":81}},"162":{"start":{"line":383,"column":4},"end":{"line":383,"column":48}},"163":{"start":{"line":387,"column":0},"end":{"line":387,"column":8}}},"fnMap":{"0":{"name":"checkRateLimit","decl":{"start":{"line":27,"column":9},"end":{"line":27,"column":23}},"loc":{"start":{"line":27,"column":28},"end":{"line":47,"column":1}},"line":27},"1":{"name":"(anonymous_1)","decl":{"start":{"line":37,"column":41},"end":{"line":37,"column":42}},"loc":{"start":{"line":37,"column":49},"end":{"line":37,"column":79}},"line":37},"2":{"name":"loadStops","decl":{"start":{"line":48,"column":15},"end":{"line":48,"column":24}},"loc":{"start":{"line":48,"column":27},"end":{"line":57,"column":1}},"line":48},"3":{"name":"(anonymous_3)","decl":{"start":{"line":60,"column":22},"end":{"line":60,"column":23}},"loc":{"start":{"line":60,"column":36},"end":{"line":116,"column":1}},"line":60},"4":{"name":"(anonymous_4)","decl":{"start":{"line":90,"column":43},"end":{"line":90,"column":44}},"loc":{"start":{"line":90,"column":51},"end":{"line":94,"column":5}},"line":90},"5":{"name":"(anonymous_5)","decl":{"start":{"line":119,"column":27},"end":{"line":119,"column":28}},"loc":{"start":{"line":119,"column":47},"end":{"line":167,"column":1}},"line":119},"6":{"name":"(anonymous_6)","decl":{"start":{"line":156,"column":45},"end":{"line":156,"column":46}},"loc":{"start":{"line":156,"column":54},"end":{"line":156,"column":75}},"line":156},"7":{"name":"(anonymous_7)","decl":{"start":{"line":170,"column":30},"end":{"line":170,"column":31}},"loc":{"start":{"line":170,"column":50},"end":{"line":273,"column":1}},"line":170},"8":{"name":"(anonymous_8)","decl":{"start":{"line":199,"column":29},"end":{"line":199,"column":30}},"loc":{"start":{"line":199,"column":37},"end":{"line":199,"column":55}},"line":199},"9":{"name":"(anonymous_9)","decl":{"start":{"line":276,"column":29},"end":{"line":276,"column":30}},"loc":{"start":{"line":276,"column":49},"end":{"line":348,"column":1}},"line":276},"10":{"name":"(anonymous_10)","decl":{"start":{"line":293,"column":22},"end":{"line":293,"column":23}},"loc":{"start":{"line":293,"column":31},"end":{"line":340,"column":5}},"line":293},"11":{"name":"(anonymous_11)","decl":{"start":{"line":309,"column":39},"end":{"line":309,"column":40}},"loc":{"start":{"line":309,"column":51},"end":{"line":315,"column":9}},"line":309},"12":{"name":"(anonymous_12)","decl":{"start":{"line":319,"column":28},"end":{"line":319,"column":29}},"loc":{"start":{"line":319,"column":38},"end":{"line":336,"column":7}},"line":319},"13":{"name":"(anonymous_13)","decl":{"start":{"line":351,"column":30},"end":{"line":351,"column":31}},"loc":{"start":{"line":351,"column":44},"end":{"line":375,"column":1}},"line":351},"14":{"name":"(anonymous_14)","decl":{"start":{"line":363,"column":25},"end":{"line":363,"column":26}},"loc":{"start":{"line":363,"column":47},"end":{"line":367,"column":5}},"line":363},"15":{"name":"start","decl":{"start":{"line":378,"column":15},"end":{"line":378,"column":20}},"loc":{"start":{"line":378,"column":23},"end":{"line":385,"column":1}},"line":378},"16":{"name":"(anonymous_16)","decl":{"start":{"line":381,"column":19},"end":{"line":381,"column":20}},"loc":{"start":{"line":381,"column":25},"end":{"line":384,"column":3}},"line":381}},"branchMap":{"0":{"loc":{"start":{"line":6,"column":13},"end":{"line":6,"column":37}},"type":"binary-expr","locations":[{"start":{"line":6,"column":13},"end":{"line":6,"column":29}},{"start":{"line":6,"column":33},"end":{"line":6,"column":37}}],"line":6},"1":{"loc":{"start":{"line":30,"column":2},"end":{"line":32,"column":3}},"type":"if","locations":[{"start":{"line":30,"column":2},"end":{"line":32,"column":3}},{"start":{},"end":{}}],"line":30},"2":{"loc":{"start":{"line":39,"column":2},"end":{"line":41,"column":3}},"type":"if","locations":[{"start":{"line":39,"column":2},"end":{"line":41,"column":3}},{"start":{},"end":{}}],"line":39},"3":{"loc":{"start":{"line":61,"column":2},"end":{"line":63,"column":3}},"type":"if","locations":[{"start":{"line":61,"column":2},"end":{"line":63,"column":3}},{"start":{},"end":{}}],"line":61},"4":{"loc":{"start":{"line":68,"column":2},"end":{"line":70,"column":3}},"type":"if","locations":[{"start":{"line":68,"column":2},"end":{"line":70,"column":3}},{"start":{},"end":{}}],"line":68},"5":{"loc":{"start":{"line":68,"column":6},"end":{"line":68,"column":75}},"type":"binary-expr","locations":[{"start":{"line":68,"column":6},"end":{"line":68,"column":26}},{"start":{"line":68,"column":30},"end":{"line":68,"column":48}},{"start":{"line":68,"column":52},"end":{"line":68,"column":75}}],"line":68},"6":{"loc":{"start":{"line":73,"column":18},"end":{"line":73,"column":61}},"type":"cond-expr","locations":[{"start":{"line":73,"column":39},"end":{"line":73,"column":57}},{"start":{"line":73,"column":60},"end":{"line":73,"column":61}}],"line":73},"7":{"loc":{"start":{"line":74,"column":19},"end":{"line":74,"column":73}},"type":"cond-expr","locations":[{"start":{"line":74,"column":45},"end":{"line":74,"column":68}},{"start":{"line":74,"column":71},"end":{"line":74,"column":73}}],"line":74},"8":{"loc":{"start":{"line":77,"column":2},"end":{"line":79,"column":3}},"type":"if","locations":[{"start":{"line":77,"column":2},"end":{"line":79,"column":3}},{"start":{},"end":{}}],"line":77},"9":{"loc":{"start":{"line":77,"column":6},"end":{"line":77,"column":35}},"type":"binary-expr","locations":[{"start":{"line":77,"column":6},"end":{"line":77,"column":20}},{"start":{"line":77,"column":24},"end":{"line":77,"column":35}}],"line":77},"10":{"loc":{"start":{"line":81,"column":2},"end":{"line":83,"column":3}},"type":"if","locations":[{"start":{"line":81,"column":2},"end":{"line":83,"column":3}},{"start":{},"end":{}}],"line":81},"11":{"loc":{"start":{"line":81,"column":6},"end":{"line":81,"column":55}},"type":"binary-expr","locations":[{"start":{"line":81,"column":6},"end":{"line":81,"column":21}},{"start":{"line":81,"column":25},"end":{"line":81,"column":37}},{"start":{"line":81,"column":41},"end":{"line":81,"column":55}}],"line":81},"12":{"loc":{"start":{"line":88,"column":2},"end":{"line":95,"column":3}},"type":"if","locations":[{"start":{"line":88,"column":2},"end":{"line":95,"column":3}},{"start":{},"end":{}}],"line":88},"13":{"loc":{"start":{"line":88,"column":6},"end":{"line":88,"column":29}},"type":"binary-expr","locations":[{"start":{"line":88,"column":6},"end":{"line":88,"column":12}},{"start":{"line":88,"column":16},"end":{"line":88,"column":29}}],"line":88},"14":{"loc":{"start":{"line":93,"column":13},"end":{"line":93,"column":35}},"type":"binary-expr","locations":[{"start":{"line":93,"column":13},"end":{"line":93,"column":22}},{"start":{"line":93,"column":26},"end":{"line":93,"column":35}}],"line":93},"15":{"loc":{"start":{"line":122,"column":2},"end":{"line":124,"column":3}},"type":"if","locations":[{"start":{"line":122,"column":2},"end":{"line":124,"column":3}},{"start":{},"end":{}}],"line":122},"16":{"loc":{"start":{"line":136,"column":4},"end":{"line":150,"column":5}},"type":"if","locations":[{"start":{"line":136,"column":4},"end":{"line":150,"column":5}},{"start":{},"end":{}}],"line":136},"17":{"loc":{"start":{"line":137,"column":6},"end":{"line":142,"column":7}},"type":"if","locations":[{"start":{"line":137,"column":6},"end":{"line":142,"column":7}},{"start":{},"end":{}}],"line":137},"18":{"loc":{"start":{"line":155,"column":4},"end":{"line":157,"column":5}},"type":"if","locations":[{"start":{"line":155,"column":4},"end":{"line":157,"column":5}},{"start":{},"end":{}}],"line":155},"19":{"loc":{"start":{"line":174,"column":19},"end":{"line":174,"column":57}},"type":"binary-expr","locations":[{"start":{"line":174,"column":19},"end":{"line":174,"column":25}},{"start":{"line":174,"column":29},"end":{"line":174,"column":57}}],"line":174},"20":{"loc":{"start":{"line":175,"column":2},"end":{"line":179,"column":3}},"type":"if","locations":[{"start":{"line":175,"column":2},"end":{"line":179,"column":3}},{"start":{},"end":{}}],"line":175},"21":{"loc":{"start":{"line":181,"column":2},"end":{"line":183,"column":3}},"type":"if","locations":[{"start":{"line":181,"column":2},"end":{"line":183,"column":3}},{"start":{},"end":{}}],"line":181},"22":{"loc":{"start":{"line":190,"column":4},"end":{"line":194,"column":5}},"type":"if","locations":[{"start":{"line":190,"column":4},"end":{"line":194,"column":5}},{"start":{},"end":{}}],"line":190},"23":{"loc":{"start":{"line":199,"column":4},"end":{"line":204,"column":5}},"type":"if","locations":[{"start":{"line":199,"column":4},"end":{"line":204,"column":5}},{"start":{},"end":{}}],"line":199},"24":{"loc":{"start":{"line":214,"column":4},"end":{"line":225,"column":5}},"type":"if","locations":[{"start":{"line":214,"column":4},"end":{"line":225,"column":5}},{"start":{},"end":{}}],"line":214},"25":{"loc":{"start":{"line":215,"column":6},"end":{"line":220,"column":7}},"type":"if","locations":[{"start":{"line":215,"column":6},"end":{"line":220,"column":7}},{"start":{},"end":{}}],"line":215},"26":{"loc":{"start":{"line":229,"column":4},"end":{"line":231,"column":5}},"type":"if","locations":[{"start":{"line":229,"column":4},"end":{"line":231,"column":5}},{"start":{},"end":{}}],"line":229},"27":{"loc":{"start":{"line":235,"column":4},"end":{"line":243,"column":5}},"type":"if","locations":[{"start":{"line":235,"column":4},"end":{"line":243,"column":5}},{"start":{"line":237,"column":11},"end":{"line":243,"column":5}}],"line":235},"28":{"loc":{"start":{"line":237,"column":11},"end":{"line":243,"column":5}},"type":"if","locations":[{"start":{"line":237,"column":11},"end":{"line":243,"column":5}},{"start":{},"end":{}}],"line":237},"29":{"loc":{"start":{"line":237,"column":15},"end":{"line":237,"column":58}},"type":"binary-expr","locations":[{"start":{"line":237,"column":15},"end":{"line":237,"column":29}},{"start":{"line":237,"column":33},"end":{"line":237,"column":58}}],"line":237},"30":{"loc":{"start":{"line":240,"column":6},"end":{"line":242,"column":7}},"type":"if","locations":[{"start":{"line":240,"column":6},"end":{"line":242,"column":7}},{"start":{},"end":{}}],"line":240},"31":{"loc":{"start":{"line":280,"column":2},"end":{"line":282,"column":3}},"type":"if","locations":[{"start":{"line":280,"column":2},"end":{"line":282,"column":3}},{"start":{},"end":{}}],"line":280},"32":{"loc":{"start":{"line":280,"column":6},"end":{"line":280,"column":25}},"type":"binary-expr","locations":[{"start":{"line":280,"column":6},"end":{"line":280,"column":11}},{"start":{"line":280,"column":15},"end":{"line":280,"column":25}}],"line":280},"33":{"loc":{"start":{"line":285,"column":4},"end":{"line":287,"column":5}},"type":"if","locations":[{"start":{"line":285,"column":4},"end":{"line":287,"column":5}},{"start":{},"end":{}}],"line":285},"34":{"loc":{"start":{"line":296,"column":6},"end":{"line":301,"column":7}},"type":"if","locations":[{"start":{"line":296,"column":6},"end":{"line":301,"column":7}},{"start":{},"end":{}}],"line":296},"35":{"loc":{"start":{"line":308,"column":6},"end":{"line":316,"column":7}},"type":"if","locations":[{"start":{"line":308,"column":6},"end":{"line":316,"column":7}},{"start":{},"end":{}}],"line":308},"36":{"loc":{"start":{"line":310,"column":10},"end":{"line":314,"column":11}},"type":"if","locations":[{"start":{"line":310,"column":10},"end":{"line":314,"column":11}},{"start":{},"end":{}}],"line":310},"37":{"loc":{"start":{"line":312,"column":47},"end":{"line":312,"column":71}},"type":"binary-expr","locations":[{"start":{"line":312,"column":47},"end":{"line":312,"column":65}},{"start":{"line":312,"column":69},"end":{"line":312,"column":71}}],"line":312},"38":{"loc":{"start":{"line":320,"column":8},"end":{"line":335,"column":9}},"type":"if","locations":[{"start":{"line":320,"column":8},"end":{"line":335,"column":9}},{"start":{},"end":{}}],"line":320},"39":{"loc":{"start":{"line":332,"column":10},"end":{"line":334,"column":11}},"type":"if","locations":[{"start":{"line":332,"column":10},"end":{"line":334,"column":11}},{"start":{},"end":{}}],"line":332},"40":{"loc":{"start":{"line":355,"column":4},"end":{"line":357,"column":5}},"type":"if","locations":[{"start":{"line":355,"column":4},"end":{"line":357,"column":5}},{"start":{},"end":{}}],"line":355},"41":{"loc":{"start":{"line":364,"column":6},"end":{"line":366,"column":7}},"type":"if","locations":[{"start":{"line":364,"column":6},"end":{"line":366,"column":7}},{"start":{},"end":{}}],"line":364}},"s":{"0":0,"1":0,"2":0,"3":0,"4":0,"5":0,"6":0,"7":0,"8":0,"9":0,"10":0,"11":0,"12":0,"13":0,"14":0,"15":0,"16":0,"17":0,"18":0,"19":0,"20":0,"21":0,"22":0,"23":0,"24":0,"25":0,"26":0,"27":0,"28":0,"29":0,"30":0,"31":0,"32":0,"33":0,"34":0,"35":0,"36":0,"37":0,"38":0,"39":0,"40":0,"41":0,"42":0,"43":0,"44":0,"45":0,"46":0,"47":0,"48":0,"49":0,"50":0,"51":0,"52":0,"53":0,"54":0,"55":0,"56":0,"57":0,"58":0,"59":0,"60":0,"61":0,"62":0,"63":0,"64":0,"65":0,"66":0,"67":0,"68":0,"69":0,"70":0,"71":0,"72":0,"73":0,"74":0,"75":0,"76":0,"77":0,"78":0,"79":0,"80":0,"81":0,"82":0,"83":0,"84":0,"85":0,"86":0,"87":0,"88":0,"89":0,"90":0,"91":0,"92":0,"93":0,"94":0,"95":0,"96":0,"97":0,"98":0,"99":0,"100":0,"101":0,"102":0,"103":0,"104":0,"105":0,"106":0,"107":0,"108":0,"109":0,"110":0,"111":0,"112":0,"113":0,"114":0,"115":0,"116":0,"117":0,"118":0,"119":0,"120":0,"121":0,"122":0,"123":0,"124":0,"125":0,"126":0,"127":0,"128":0,"129":0,"130":0,"131":0,"132":0,"133":0,"134":0,"135":0,"136":0,"137":0,"138":0,"139":0,"140":0,"141":0,"142":0,"143":0,"144":0,"145":0,"146":0,"147":0,"148":0,"149":0,"150":0,"151":0,"152":0,"153":0,"154":0,"155":0,"156":0,"157":0,"158":0,"159":0,"160":0,"161":0,"162":0,"163":0},"f":{"0":0,"1":0,"2":0,"3":0,"4":0,"5":0,"6":0,"7":0,"8":0,"9":0,"10":0,"11":0,"12":0,"13":0,"14":0,"15":0,"16":0},"b":{"0":[0,0],"1":[0,0],"2":[0,0],"3":[0,0],"4":[0,0],"5":[0,0,0],"6":[0,0],"7":[0,0],"8":[0,0],"9":[0,0],"10":[0,0],"11":[0,0,0],"12":[0,0],"13":[0,0],"14":[0,0],"15":[0,0],"16":[0,0],"17":[0,0],"18":[0,0],"19":[0,0],"20":[0,0],"21":[0,0],"22":[0,0],"23":[0,0],"24":[0,0],"25":[0,0],"26":[0,0],"27":[0,0],"28":[0,0],"29":[0,0],"30":[0,0],"31":[0,0],"32":[0,0],"33":[0,0],"34":[0,0],"35":[0,0],"36":[0,0],"37":[0,0],"38":[0,0],"39":[0,0],"40":[0,0],"41":[0,0]}}
,"/home/runner/work/transport_radar_russia/transport_radar_russia/public/SearchableStopDropdown.js": {"path":"/home/runner/work/transport_radar_russia/transport_radar_russia/public/SearchableStopDropdown.js","statementMap":{"0":{"start":{"line":15,"column":4},"end":{"line":15,"column":43}},"1":{"start":{"line":16,"column":4},"end":{"line":16,"column":37}},"2":{"start":{"line":17,"column":4},"end":{"line":17,"column":51}},"3":{"start":{"line":18,"column":4},"end":{"line":18,"column":64}},"4":{"start":{"line":19,"column":4},"end":{"line":19,"column":48}},"5":{"start":{"line":20,"column":4},"end":{"line":20,"column":43}},"6":{"start":{"line":23,"column":4},"end":{"line":23,"column":24}},"7":{"start":{"line":24,"column":4},"end":{"line":24,"column":25}},"8":{"start":{"line":25,"column":4},"end":{"line":25,"column":22}},"9":{"start":{"line":26,"column":4},"end":{"line":26,"column":28}},"10":{"start":{"line":27,"column":4},"end":{"line":27,"column":25}},"11":{"start":{"line":28,"column":4},"end":{"line":28,"column":24}},"12":{"start":{"line":29,"column":4},"end":{"line":29,"column":25}},"13":{"start":{"line":30,"column":4},"end":{"line":30,"column":27}},"14":{"start":{"line":31,"column":4},"end":{"line":31,"column":22}},"15":{"start":{"line":32,"column":4},"end":{"line":32,"column":32}},"16":{"start":{"line":33,"column":4},"end":{"line":33,"column":32}},"17":{"start":{"line":36,"column":4},"end":{"line":36,"column":27}},"18":{"start":{"line":37,"column":4},"end":{"line":37,"column":34}},"19":{"start":{"line":40,"column":4},"end":{"line":40,"column":18}},"20":{"start":{"line":41,"column":4},"end":{"line":41,"column":32}},"21":{"start":{"line":48,"column":22},"end":{"line":48,"column":63}},"22":{"start":{"line":49,"column":4},"end":{"line":52,"column":5}},"23":{"start":{"line":50,"column":6},"end":{"line":50,"column":73}},"24":{"start":{"line":51,"column":6},"end":{"line":51,"column":13}},"25":{"start":{"line":54,"column":4},"end":{"line":82,"column":6}},"26":{"start":{"line":84,"column":4},"end":{"line":94,"column":6}},"27":{"start":{"line":102,"column":4},"end":{"line":104,"column":7}},"28":{"start":{"line":103,"column":6},"end":{"line":103,"column":39}},"29":{"start":{"line":106,"column":4},"end":{"line":108,"column":7}},"30":{"start":{"line":107,"column":6},"end":{"line":107,"column":18}},"31":{"start":{"line":110,"column":4},"end":{"line":112,"column":7}},"32":{"start":{"line":111,"column":6},"end":{"line":111,"column":28}},"33":{"start":{"line":115,"column":4},"end":{"line":117,"column":7}},"34":{"start":{"line":116,"column":6},"end":{"line":116,"column":22}},"35":{"start":{"line":120,"column":4},"end":{"line":124,"column":7}},"36":{"start":{"line":121,"column":6},"end":{"line":123,"column":7}},"37":{"start":{"line":122,"column":8},"end":{"line":122,"column":21}},"38":{"start":{"line":131,"column":4},"end":{"line":131,"column":28}},"39":{"start":{"line":134,"column":4},"end":{"line":136,"column":5}},"40":{"start":{"line":135,"column":6},"end":{"line":135,"column":41}},"41":{"start":{"line":139,"column":4},"end":{"line":142,"column":24}},"42":{"start":{"line":140,"column":6},"end":{"line":140,"column":27}},"43":{"start":{"line":141,"column":6},"end":{"line":141,"column":20}},"44":{"start":{"line":149,"column":4},"end":{"line":155,"column":5}},"45":{"start":{"line":150,"column":6},"end":{"line":153,"column":7}},"46":{"start":{"line":151,"column":8},"end":{"line":151,"column":27}},"47":{"start":{"line":152,"column":8},"end":{"line":152,"column":20}},"48":{"start":{"line":154,"column":6},"end":{"line":154,"column":13}},"49":{"start":{"line":157,"column":4},"end":{"line":181,"column":5}},"50":{"start":{"line":159,"column":8},"end":{"line":159,"column":27}},"51":{"start":{"line":160,"column":8},"end":{"line":160,"column":87}},"52":{"start":{"line":161,"column":8},"end":{"line":161,"column":31}},"53":{"start":{"line":162,"column":8},"end":{"line":162,"column":14}},"54":{"start":{"line":165,"column":8},"end":{"line":165,"column":27}},"55":{"start":{"line":166,"column":8},"end":{"line":166,"column":66}},"56":{"start":{"line":167,"column":8},"end":{"line":167,"column":31}},"57":{"start":{"line":168,"column":8},"end":{"line":168,"column":14}},"58":{"start":{"line":171,"column":8},"end":{"line":171,"column":27}},"59":{"start":{"line":172,"column":8},"end":{"line":174,"column":9}},"60":{"start":{"line":173,"column":10},"end":{"line":173,"column":62}},"61":{"start":{"line":175,"column":8},"end":{"line":175,"column":14}},"62":{"start":{"line":178,"column":8},"end":{"line":178,"column":27}},"63":{"start":{"line":179,"column":8},"end":{"line":179,"column":21}},"64":{"start":{"line":180,"column":8},"end":{"line":180,"column":14}},"65":{"start":{"line":189,"column":4},"end":{"line":191,"column":5}},"66":{"start":{"line":190,"column":6},"end":{"line":190,"column":35}},"67":{"start":{"line":194,"column":21},"end":{"line":194,"column":61}},"68":{"start":{"line":195,"column":19},"end":{"line":195,"column":43}},"69":{"start":{"line":197,"column":4},"end":{"line":200,"column":5}},"70":{"start":{"line":198,"column":6},"end":{"line":198,"column":34}},"71":{"start":{"line":199,"column":6},"end":{"line":199,"column":13}},"72":{"start":{"line":203,"column":4},"end":{"line":203,"column":26}},"73":{"start":{"line":204,"column":4},"end":{"line":204,"column":22}},"74":{"start":{"line":205,"column":4},"end":{"line":205,"column":30}},"75":{"start":{"line":208,"column":4},"end":{"line":208,"column":49}},"76":{"start":{"line":210,"column":4},"end":{"line":255,"column":5}},"77":{"start":{"line":211,"column":21},"end":{"line":214,"column":8}},"78":{"start":{"line":216,"column":6},"end":{"line":218,"column":7}},"79":{"start":{"line":217,"column":8},"end":{"line":217,"column":56}},"80":{"start":{"line":220,"column":23},"end":{"line":222,"column":8}},"81":{"start":{"line":224,"column":6},"end":{"line":226,"column":7}},"82":{"start":{"line":225,"column":8},"end":{"line":225,"column":66}},"83":{"start":{"line":228,"column":19},"end":{"line":228,"column":40}},"84":{"start":{"line":231,"column":20},"end":{"line":231,"column":36}},"85":{"start":{"line":232,"column":19},"end":{"line":239,"column":7}},"86":{"start":{"line":242,"column":6},"end":{"line":242,"column":48}},"87":{"start":{"line":244,"column":6},"end":{"line":244,"column":43}},"88":{"start":{"line":247,"column":6},"end":{"line":250,"column":7}},"89":{"start":{"line":249,"column":8},"end":{"line":249,"column":15}},"90":{"start":{"line":252,"column":6},"end":{"line":252,"column":33}},"91":{"start":{"line":253,"column":6},"end":{"line":253,"column":29}},"92":{"start":{"line":254,"column":6},"end":{"line":254,"column":32}},"93":{"start":{"line":262,"column":4},"end":{"line":262,"column":23}},"94":{"start":{"line":263,"column":4},"end":{"line":263,"column":24}},"95":{"start":{"line":270,"column":4},"end":{"line":270,"column":27}},"96":{"start":{"line":271,"column":4},"end":{"line":271,"column":22}},"97":{"start":{"line":273,"column":28},"end":{"line":273,"column":32}},"98":{"start":{"line":275,"column":4},"end":{"line":280,"column":5}},"99":{"start":{"line":276,"column":6},"end":{"line":276,"column":27}},"100":{"start":{"line":279,"column":6},"end":{"line":279,"column":49}},"101":{"start":{"line":282,"column":4},"end":{"line":282,"column":39}},"102":{"start":{"line":283,"column":4},"end":{"line":283,"column":33}},"103":{"start":{"line":285,"column":4},"end":{"line":285,"column":25}},"104":{"start":{"line":286,"column":4},"end":{"line":286,"column":30}},"105":{"start":{"line":293,"column":4},"end":{"line":293,"column":41}},"106":{"start":{"line":295,"column":4},"end":{"line":297,"column":5}},"107":{"start":{"line":296,"column":6},"end":{"line":296,"column":13}},"108":{"start":{"line":299,"column":4},"end":{"line":316,"column":7}},"109":{"start":{"line":300,"column":21},"end":{"line":300,"column":50}},"110":{"start":{"line":301,"column":6},"end":{"line":301,"column":54}},"111":{"start":{"line":302,"column":6},"end":{"line":302,"column":44}},"112":{"start":{"line":303,"column":6},"end":{"line":303,"column":50}},"113":{"start":{"line":304,"column":6},"end":{"line":304,"column":62}},"114":{"start":{"line":306,"column":6},"end":{"line":309,"column":7}},"115":{"start":{"line":307,"column":8},"end":{"line":307,"column":41}},"116":{"start":{"line":308,"column":8},"end":{"line":308,"column":53}},"117":{"start":{"line":311,"column":6},"end":{"line":313,"column":9}},"118":{"start":{"line":312,"column":8},"end":{"line":312,"column":32}},"119":{"start":{"line":315,"column":6},"end":{"line":315,"column":48}},"120":{"start":{"line":323,"column":20},"end":{"line":323,"column":89}},"121":{"start":{"line":324,"column":4},"end":{"line":336,"column":7}},"122":{"start":{"line":325,"column":6},"end":{"line":335,"column":7}},"123":{"start":{"line":326,"column":8},"end":{"line":326,"column":41}},"124":{"start":{"line":327,"column":8},"end":{"line":327,"column":53}},"125":{"start":{"line":329,"column":8},"end":{"line":331,"column":9}},"126":{"start":{"line":330,"column":10},"end":{"line":330,"column":54}},"127":{"start":{"line":333,"column":8},"end":{"line":333,"column":44}},"128":{"start":{"line":334,"column":8},"end":{"line":334,"column":54}},"129":{"start":{"line":343,"column":4},"end":{"line":343,"column":27}},"130":{"start":{"line":344,"column":4},"end":{"line":344,"column":67}},"131":{"start":{"line":345,"column":4},"end":{"line":345,"column":17}},"132":{"start":{"line":346,"column":4},"end":{"line":346,"column":24}},"133":{"start":{"line":353,"column":4},"end":{"line":353,"column":76}},"134":{"start":{"line":354,"column":4},"end":{"line":354,"column":70}},"135":{"start":{"line":355,"column":4},"end":{"line":356,"column":85}},"136":{"start":{"line":357,"column":4},"end":{"line":357,"column":85}},"137":{"start":{"line":358,"column":4},"end":{"line":359,"column":57}},"138":{"start":{"line":361,"column":4},"end":{"line":363,"column":5}},"139":{"start":{"line":362,"column":6},"end":{"line":362,"column":51}},"140":{"start":{"line":370,"column":4},"end":{"line":370,"column":23}},"141":{"start":{"line":371,"column":4},"end":{"line":371,"column":47}},"142":{"start":{"line":372,"column":4},"end":{"line":372,"column":64}},"143":{"start":{"line":375,"column":4},"end":{"line":377,"column":5}},"144":{"start":{"line":376,"column":6},"end":{"line":376,"column":20}},"145":{"start":{"line":384,"column":4},"end":{"line":384,"column":24}},"146":{"start":{"line":385,"column":4},"end":{"line":385,"column":46}},"147":{"start":{"line":386,"column":4},"end":{"line":386,"column":65}},"148":{"start":{"line":387,"column":4},"end":{"line":387,"column":28}},"149":{"start":{"line":394,"column":19},"end":{"line":394,"column":38}},"150":{"start":{"line":395,"column":4},"end":{"line":395,"column":29}},"151":{"start":{"line":395,"column":17},"end":{"line":395,"column":29}},"152":{"start":{"line":397,"column":16},"end":{"line":397,"column":26}},"153":{"start":{"line":398,"column":4},"end":{"line":401,"column":5}},"154":{"start":{"line":399,"column":6},"end":{"line":399,"column":29}},"155":{"start":{"line":400,"column":6},"end":{"line":400,"column":18}},"156":{"start":{"line":403,"column":4},"end":{"line":403,"column":23}},"157":{"start":{"line":410,"column":4},"end":{"line":413,"column":7}},"158":{"start":{"line":416,"column":4},"end":{"line":419,"column":5}},"159":{"start":{"line":417,"column":23},"end":{"line":417,"column":53}},"160":{"start":{"line":418,"column":6},"end":{"line":418,"column":34}},"161":{"start":{"line":426,"column":4},"end":{"line":428,"column":5}},"162":{"start":{"line":427,"column":6},"end":{"line":427,"column":41}},"163":{"start":{"line":429,"column":4},"end":{"line":431,"column":5}},"164":{"start":{"line":430,"column":6},"end":{"line":430,"column":35}},"165":{"start":{"line":432,"column":4},"end":{"line":432,"column":23}},"166":{"start":{"line":437,"column":0},"end":{"line":439,"column":1}},"167":{"start":{"line":438,"column":2},"end":{"line":438,"column":42}}},"fnMap":{"0":{"name":"(anonymous_0)","decl":{"start":{"line":14,"column":2},"end":{"line":14,"column":3}},"loc":{"start":{"line":14,"column":23},"end":{"line":42,"column":3}},"line":14},"1":{"name":"(anonymous_1)","decl":{"start":{"line":17,"column":41},"end":{"line":17,"column":42}},"loc":{"start":{"line":17,"column":47},"end":{"line":17,"column":49}},"line":17},"2":{"name":"(anonymous_2)","decl":{"start":{"line":47,"column":2},"end":{"line":47,"column":3}},"loc":{"start":{"line":47,"column":11},"end":{"line":95,"column":3}},"line":47},"3":{"name":"(anonymous_3)","decl":{"start":{"line":100,"column":2},"end":{"line":100,"column":3}},"loc":{"start":{"line":100,"column":25},"end":{"line":125,"column":3}},"line":100},"4":{"name":"(anonymous_4)","decl":{"start":{"line":102,"column":50},"end":{"line":102,"column":51}},"loc":{"start":{"line":102,"column":57},"end":{"line":104,"column":5}},"line":102},"5":{"name":"(anonymous_5)","decl":{"start":{"line":106,"column":50},"end":{"line":106,"column":51}},"loc":{"start":{"line":106,"column":56},"end":{"line":108,"column":5}},"line":106},"6":{"name":"(anonymous_6)","decl":{"start":{"line":110,"column":52},"end":{"line":110,"column":53}},"loc":{"start":{"line":110,"column":59},"end":{"line":112,"column":5}},"line":110},"7":{"name":"(anonymous_7)","decl":{"start":{"line":115,"column":56},"end":{"line":115,"column":57}},"loc":{"start":{"line":115,"column":62},"end":{"line":117,"column":5}},"line":115},"8":{"name":"(anonymous_8)","decl":{"start":{"line":120,"column":39},"end":{"line":120,"column":40}},"loc":{"start":{"line":120,"column":46},"end":{"line":124,"column":5}},"line":120},"9":{"name":"(anonymous_9)","decl":{"start":{"line":130,"column":2},"end":{"line":130,"column":3}},"loc":{"start":{"line":130,"column":21},"end":{"line":143,"column":3}},"line":130},"10":{"name":"(anonymous_10)","decl":{"start":{"line":139,"column":38},"end":{"line":139,"column":39}},"loc":{"start":{"line":139,"column":44},"end":{"line":142,"column":5}},"line":139},"11":{"name":"(anonymous_11)","decl":{"start":{"line":148,"column":2},"end":{"line":148,"column":3}},"loc":{"start":{"line":148,"column":19},"end":{"line":182,"column":3}},"line":148},"12":{"name":"(anonymous_12)","decl":{"start":{"line":187,"column":2},"end":{"line":187,"column":3}},"loc":{"start":{"line":187,"column":17},"end":{"line":256,"column":3}},"line":187},"13":{"name":"(anonymous_13)","decl":{"start":{"line":261,"column":2},"end":{"line":261,"column":3}},"loc":{"start":{"line":261,"column":19},"end":{"line":264,"column":3}},"line":261},"14":{"name":"(anonymous_14)","decl":{"start":{"line":269,"column":2},"end":{"line":269,"column":3}},"loc":{"start":{"line":269,"column":23},"end":{"line":287,"column":3}},"line":269},"15":{"name":"(anonymous_15)","decl":{"start":{"line":292,"column":2},"end":{"line":292,"column":3}},"loc":{"start":{"line":292,"column":18},"end":{"line":317,"column":3}},"line":292},"16":{"name":"(anonymous_16)","decl":{"start":{"line":299,"column":25},"end":{"line":299,"column":26}},"loc":{"start":{"line":299,"column":42},"end":{"line":316,"column":5}},"line":299},"17":{"name":"(anonymous_17)","decl":{"start":{"line":311,"column":39},"end":{"line":311,"column":40}},"loc":{"start":{"line":311,"column":45},"end":{"line":313,"column":7}},"line":311},"18":{"name":"(anonymous_18)","decl":{"start":{"line":322,"column":2},"end":{"line":322,"column":3}},"loc":{"start":{"line":322,"column":20},"end":{"line":337,"column":3}},"line":322},"19":{"name":"(anonymous_19)","decl":{"start":{"line":324,"column":20},"end":{"line":324,"column":21}},"loc":{"start":{"line":324,"column":39},"end":{"line":336,"column":5}},"line":324},"20":{"name":"(anonymous_20)","decl":{"start":{"line":342,"column":2},"end":{"line":342,"column":3}},"loc":{"start":{"line":342,"column":21},"end":{"line":347,"column":3}},"line":342},"21":{"name":"(anonymous_21)","decl":{"start":{"line":352,"column":2},"end":{"line":352,"column":3}},"loc":{"start":{"line":352,"column":23},"end":{"line":364,"column":3}},"line":352},"22":{"name":"(anonymous_22)","decl":{"start":{"line":369,"column":2},"end":{"line":369,"column":3}},"loc":{"start":{"line":369,"column":9},"end":{"line":378,"column":3}},"line":369},"23":{"name":"(anonymous_23)","decl":{"start":{"line":383,"column":2},"end":{"line":383,"column":3}},"loc":{"start":{"line":383,"column":10},"end":{"line":388,"column":3}},"line":383},"24":{"name":"(anonymous_24)","decl":{"start":{"line":393,"column":2},"end":{"line":393,"column":3}},"loc":{"start":{"line":393,"column":17},"end":{"line":404,"column":3}},"line":393},"25":{"name":"(anonymous_25)","decl":{"start":{"line":409,"column":2},"end":{"line":409,"column":3}},"loc":{"start":{"line":409,"column":23},"end":{"line":420,"column":3}},"line":409},"26":{"name":"(anonymous_26)","decl":{"start":{"line":425,"column":2},"end":{"line":425,"column":3}},"loc":{"start":{"line":425,"column":12},"end":{"line":433,"column":3}},"line":425}},"branchMap":{"0":{"loc":{"start":{"line":16,"column":17},"end":{"line":16,"column":36}},"type":"binary-expr","locations":[{"start":{"line":16,"column":17},"end":{"line":16,"column":30}},{"start":{"line":16,"column":34},"end":{"line":16,"column":36}}],"line":16},"1":{"loc":{"start":{"line":17,"column":20},"end":{"line":17,"column":50}},"type":"binary-expr","locations":[{"start":{"line":17,"column":20},"end":{"line":17,"column":36}},{"start":{"line":17,"column":41},"end":{"line":17,"column":49}}],"line":17},"2":{"loc":{"start":{"line":18,"column":23},"end":{"line":18,"column":63}},"type":"binary-expr","locations":[{"start":{"line":18,"column":23},"end":{"line":18,"column":42}},{"start":{"line":18,"column":46},"end":{"line":18,"column":63}}],"line":18},"3":{"loc":{"start":{"line":19,"column":22},"end":{"line":19,"column":47}},"type":"binary-expr","locations":[{"start":{"line":19,"column":22},"end":{"line":19,"column":40}},{"start":{"line":19,"column":44},"end":{"line":19,"column":47}}],"line":19},"4":{"loc":{"start":{"line":20,"column":20},"end":{"line":20,"column":42}},"type":"binary-expr","locations":[{"start":{"line":20,"column":20},"end":{"line":20,"column":36}},{"start":{"line":20,"column":40},"end":{"line":20,"column":42}}],"line":20},"5":{"loc":{"start":{"line":49,"column":4},"end":{"line":52,"column":5}},"type":"if","locations":[{"start":{"line":49,"column":4},"end":{"line":52,"column":5}},{"start":{},"end":{}}],"line":49},"6":{"loc":{"start":{"line":121,"column":6},"end":{"line":123,"column":7}},"type":"if","locations":[{"start":{"line":121,"column":6},"end":{"line":123,"column":7}},{"start":{},"end":{}}],"line":121},"7":{"loc":{"start":{"line":134,"column":4},"end":{"line":136,"column":5}},"type":"if","locations":[{"start":{"line":134,"column":4},"end":{"line":136,"column":5}},{"start":{},"end":{}}],"line":134},"8":{"loc":{"start":{"line":149,"column":4},"end":{"line":155,"column":5}},"type":"if","locations":[{"start":{"line":149,"column":4},"end":{"line":155,"column":5}},{"start":{},"end":{}}],"line":149},"9":{"loc":{"start":{"line":150,"column":6},"end":{"line":153,"column":7}},"type":"if","locations":[{"start":{"line":150,"column":6},"end":{"line":153,"column":7}},{"start":{},"end":{}}],"line":150},"10":{"loc":{"start":{"line":157,"column":4},"end":{"line":181,"column":5}},"type":"switch","locations":[{"start":{"line":158,"column":6},"end":{"line":162,"column":14}},{"start":{"line":164,"column":6},"end":{"line":168,"column":14}},{"start":{"line":170,"column":6},"end":{"line":175,"column":14}},{"start":{"line":177,"column":6},"end":{"line":180,"column":14}}],"line":157},"11":{"loc":{"start":{"line":172,"column":8},"end":{"line":174,"column":9}},"type":"if","locations":[{"start":{"line":172,"column":8},"end":{"line":174,"column":9}},{"start":{},"end":{}}],"line":172},"12":{"loc":{"start":{"line":172,"column":12},"end":{"line":172,"column":71}},"type":"binary-expr","locations":[{"start":{"line":172,"column":12},"end":{"line":172,"column":35}},{"start":{"line":172,"column":39},"end":{"line":172,"column":71}}],"line":172},"13":{"loc":{"start":{"line":189,"column":4},"end":{"line":191,"column":5}},"type":"if","locations":[{"start":{"line":189,"column":4},"end":{"line":191,"column":5}},{"start":{},"end":{}}],"line":189},"14":{"loc":{"start":{"line":197,"column":4},"end":{"line":200,"column":5}},"type":"if","locations":[{"start":{"line":197,"column":4},"end":{"line":200,"column":5}},{"start":{},"end":{}}],"line":197},"15":{"loc":{"start":{"line":216,"column":6},"end":{"line":218,"column":7}},"type":"if","locations":[{"start":{"line":216,"column":6},"end":{"line":218,"column":7}},{"start":{},"end":{}}],"line":216},"16":{"loc":{"start":{"line":224,"column":6},"end":{"line":226,"column":7}},"type":"if","locations":[{"start":{"line":224,"column":6},"end":{"line":226,"column":7}},{"start":{},"end":{}}],"line":224},"17":{"loc":{"start":{"line":231,"column":20},"end":{"line":231,"column":36}},"type":"binary-expr","locations":[{"start":{"line":231,"column":20},"end":{"line":231,"column":30}},{"start":{"line":231,"column":34},"end":{"line":231,"column":36}}],"line":231},"18":{"loc":{"start":{"line":232,"column":19},"end":{"line":239,"column":7}},"type":"binary-expr","locations":[{"start":{"line":232,"column":19},"end":{"line":232,"column":28}},{"start":{"line":232,"column":32},"end":{"line":239,"column":7}}],"line":232},"19":{"loc":{"start":{"line":247,"column":6},"end":{"line":250,"column":7}},"type":"if","locations":[{"start":{"line":247,"column":6},"end":{"line":250,"column":7}},{"start":{},"end":{}}],"line":247},"20":{"loc":{"start":{"line":275,"column":4},"end":{"line":280,"column":5}},"type":"if","locations":[{"start":{"line":275,"column":4},"end":{"line":280,"column":5}},{"start":{"line":277,"column":11},"end":{"line":280,"column":5}}],"line":275},"21":{"loc":{"start":{"line":295,"column":4},"end":{"line":297,"column":5}},"type":"if","locations":[{"start":{"line":295,"column":4},"end":{"line":297,"column":5}},{"start":{},"end":{}}],"line":295},"22":{"loc":{"start":{"line":306,"column":6},"end":{"line":309,"column":7}},"type":"if","locations":[{"start":{"line":306,"column":6},"end":{"line":309,"column":7}},{"start":{},"end":{}}],"line":306},"23":{"loc":{"start":{"line":325,"column":6},"end":{"line":335,"column":7}},"type":"if","locations":[{"start":{"line":325,"column":6},"end":{"line":335,"column":7}},{"start":{"line":332,"column":13},"end":{"line":335,"column":7}}],"line":325},"24":{"loc":{"start":{"line":329,"column":8},"end":{"line":331,"column":9}},"type":"if","locations":[{"start":{"line":329,"column":8},"end":{"line":331,"column":9}},{"start":{},"end":{}}],"line":329},"25":{"loc":{"start":{"line":353,"column":42},"end":{"line":353,"column":75}},"type":"cond-expr","locations":[{"start":{"line":353,"column":59},"end":{"line":353,"column":66}},{"start":{"line":353,"column":69},"end":{"line":353,"column":75}}],"line":353},"26":{"loc":{"start":{"line":354,"column":40},"end":{"line":354,"column":69}},"type":"cond-expr","locations":[{"start":{"line":354,"column":53},"end":{"line":354,"column":60}},{"start":{"line":354,"column":63},"end":{"line":354,"column":69}}],"line":354},"27":{"loc":{"start":{"line":356,"column":6},"end":{"line":356,"column":84}},"type":"cond-expr","locations":[{"start":{"line":356,"column":68},"end":{"line":356,"column":75}},{"start":{"line":356,"column":78},"end":{"line":356,"column":84}}],"line":356},"28":{"loc":{"start":{"line":356,"column":6},"end":{"line":356,"column":65}},"type":"binary-expr","locations":[{"start":{"line":356,"column":6},"end":{"line":356,"column":21}},{"start":{"line":356,"column":25},"end":{"line":356,"column":36}},{"start":{"line":356,"column":40},"end":{"line":356,"column":65}}],"line":356},"29":{"loc":{"start":{"line":357,"column":42},"end":{"line":357,"column":84}},"type":"cond-expr","locations":[{"start":{"line":357,"column":68},"end":{"line":357,"column":75}},{"start":{"line":357,"column":78},"end":{"line":357,"column":84}}],"line":357},"30":{"loc":{"start":{"line":359,"column":6},"end":{"line":359,"column":56}},"type":"cond-expr","locations":[{"start":{"line":359,"column":40},"end":{"line":359,"column":47}},{"start":{"line":359,"column":50},"end":{"line":359,"column":56}}],"line":359},"31":{"loc":{"start":{"line":359,"column":6},"end":{"line":359,"column":37}},"type":"binary-expr","locations":[{"start":{"line":359,"column":6},"end":{"line":359,"column":21}},{"start":{"line":359,"column":25},"end":{"line":359,"column":37}}],"line":359},"32":{"loc":{"start":{"line":361,"column":4},"end":{"line":363,"column":5}},"type":"if","locations":[{"start":{"line":361,"column":4},"end":{"line":363,"column":5}},{"start":{},"end":{}}],"line":361},"33":{"loc":{"start":{"line":375,"column":4},"end":{"line":377,"column":5}},"type":"if","locations":[{"start":{"line":375,"column":4},"end":{"line":377,"column":5}},{"start":{},"end":{}}],"line":375},"34":{"loc":{"start":{"line":395,"column":4},"end":{"line":395,"column":29}},"type":"if","locations":[{"start":{"line":395,"column":4},"end":{"line":395,"column":29}},{"start":{},"end":{}}],"line":395},"35":{"loc":{"start":{"line":398,"column":4},"end":{"line":401,"column":5}},"type":"if","locations":[{"start":{"line":398,"column":4},"end":{"line":401,"column":5}},{"start":{},"end":{}}],"line":398},"36":{"loc":{"start":{"line":416,"column":4},"end":{"line":419,"column":5}},"type":"if","locations":[{"start":{"line":416,"column":4},"end":{"line":419,"column":5}},{"start":{},"end":{}}],"line":416},"37":{"loc":{"start":{"line":426,"column":4},"end":{"line":428,"column":5}},"type":"if","locations":[{"start":{"line":426,"column":4},"end":{"line":428,"column":5}},{"start":{},"end":{}}],"line":426},"38":{"loc":{"start":{"line":429,"column":4},"end":{"line":431,"column":5}},"type":"if","locations":[{"start":{"line":429,"column":4},"end":{"line":431,"column":5}},{"start":{},"end":{}}],"line":429},"39":{"loc":{"start":{"line":437,"column":0},"end":{"line":439,"column":1}},"type":"if","locations":[{"start":{"line":437,"column":0},"end":{"line":439,"column":1}},{"start":{},"end":{}}],"line":437},"40":{"loc":{"start":{"line":437,"column":4},"end":{"line":437,"column":51}},"type":"binary-expr","locations":[{"start":{"line":437,"column":4},"end":{"line":437,"column":33}},{"start":{"line":437,"column":37},"end":{"line":437,"column":51}}],"line":437}},"s":{"0":18,"1":18,"2":18,"3":18,"4":18,"5":18,"6":18,"7":18,"8":18,"9":18,"10":18,"11":18,"12":18,"13":18,"14":18,"15":18,"16":18,"17":18,"18":18,"19":18,"20":18,"21":18,"22":18,"23":0,"24":0,"25":18,"26":18,"27":18,"28":15,"29":18,"30":7,"31":18,"32":8,"33":18,"34":0,"35":18,"36":25,"37":23,"38":15,"39":15,"40":8,"41":15,"42":12,"43":12,"44":8,"45":0,"46":0,"47":0,"48":0,"49":8,"50":5,"51":5,"52":5,"53":5,"54":1,"55":1,"56":1,"57":1,"58":1,"59":1,"60":1,"61":1,"62":1,"63":1,"64":1,"65":19,"66":5,"67":19,"68":19,"69":19,"70":1,"71":1,"72":18,"73":18,"74":18,"75":18,"76":18,"77":18,"78":18,"79":9,"80":18,"81":18,"82":0,"83":18,"84":18,"85":18,"86":18,"87":18,"88":0,"89":0,"90":0,"91":0,"92":0,"93":0,"94":0,"95":19,"96":19,"97":19,"98":19,"99":19,"100":0,"101":19,"102":19,"103":19,"104":19,"105":19,"106":19,"107":2,"108":17,"109":61,"110":61,"111":61,"112":61,"113":61,"114":61,"115":0,"116":0,"117":61,"118":2,"119":61,"120":6,"121":6,"122":30,"123":6,"124":6,"125":6,"126":0,"127":24,"128":24,"129":3,"130":3,"131":3,"132":3,"133":37,"134":37,"135":37,"136":37,"137":37,"138":37,"139":0,"140":7,"141":7,"142":7,"143":7,"144":7,"145":28,"146":28,"147":28,"148":28,"149":19,"150":19,"151":17,"152":2,"153":2,"154":1,"155":1,"156":1,"157":18,"158":18,"159":0,"160":0,"161":18,"162":7,"163":18,"164":14,"165":18,"166":1,"167":1},"f":{"0":18,"1":0,"2":18,"3":18,"4":15,"5":7,"6":8,"7":0,"8":25,"9":15,"10":12,"11":8,"12":19,"13":0,"14":19,"15":19,"16":61,"17":2,"18":6,"19":30,"20":3,"21":37,"22":7,"23":28,"24":19,"25":18,"26":18},"b":{"0":[18,18],"1":[18,0],"2":[18,16],"3":[18,4],"4":[18,17],"5":[0,18],"6":[23,2],"7":[8,7],"8":[0,8],"9":[0,0],"10":[5,1,1,1],"11":[1,0],"12":[1,1],"13":[5,14],"14":[1,18],"15":[9,9],"16":[0,18],"17":[18,0],"18":[18,0],"19":[0,0],"20":[19,0],"21":[2,17],"22":[0,61],"23":[6,24],"24":[0,6],"25":[18,19],"26":[0,37],"27":[2,35],"28":[37,19,19],"29":[21,16],"30":[0,37],"31":[37,19],"32":[0,37],"33":[7,0],"34":[17,2],"35":[1,1],"36":[0,18],"37":[7,11],"38":[14,4],"39":[1,0],"40":[1,1]},"_coverageSchema":"1a1c01bbd47fc00a2c39e90264f33305004495a9","hash":"42759abf7da968140a5983c9eb31e8796770e759"}
}
