TN:
SF:server.js
FN:27,checkRateLimit
FN:37,(anonymous_1)
FN:48,loadStops
FN:60,(anonymous_3)
FN:90,(anonymous_4)
FN:119,(anonymous_5)
FN:156,(anonymous_6)
FN:170,(anonymous_7)
FN:199,(anonymous_8)
FN:276,(anonymous_9)
FN:293,(anonymous_10)
FN:309,(anonymous_11)
FN:319,(anonymous_12)
FN:351,(anonymous_13)
FN:363,(anonymous_14)
FN:378,start
FN:381,(anonymous_16)
FNF:17
FNH:0
FNDA:0,checkRateLimit
FNDA:0,(anonymous_1)
FNDA:0,loadStops
FNDA:0,(anonymous_3)
FNDA:0,(anonymous_4)
FNDA:0,(anonymous_5)
FNDA:0,(anonymous_6)
FNDA:0,(anonymous_7)
FNDA:0,(anonymous_8)
FNDA:0,(anonymous_9)
FNDA:0,(anonymous_10)
FNDA:0,(anonymous_11)
FNDA:0,(anonymous_12)
FNDA:0,(anonymous_13)
FNDA:0,(anonymous_14)
FNDA:0,start
FNDA:0,(anonymous_16)
DA:1,0
DA:2,0
DA:3,0
DA:5,0
DA:6,0
DA:9,0
DA:12,0
DA:15,0
DA:19,0
DA:20,0
DA:23,0
DA:24,0
DA:25,0
DA:28,0
DA:30,0
DA:31,0
DA:34,0
DA:37,0
DA:39,0
DA:40,0
DA:43,0
DA:44,0
DA:46,0
DA:49,0
DA:50,0
DA:51,0
DA:52,0
DA:54,0
DA:55,0
DA:60,0
DA:61,0
DA:62,0
DA:65,0
DA:68,0
DA:69,0
DA:73,0
DA:74,0
DA:77,0
DA:78,0
DA:81,0
DA:82,0
DA:86,0
DA:88,0
DA:89,0
DA:90,0
DA:91,0
DA:92,0
DA:93,0
DA:98,0
DA:99,0
DA:100,0
DA:101,0
DA:102,0
DA:105,0
DA:119,0
DA:120,0
DA:122,0
DA:123,0
DA:126,0
DA:127,0
DA:130,0
DA:136,0
DA:137,0
DA:138,0
DA:144,0
DA:145,0
DA:152,0
DA:155,0
DA:156,0
DA:159,0
DA:161,0
DA:162,0
DA:170,0
DA:171,0
DA:174,0
DA:175,0
DA:176,0
DA:181,0
DA:182,0
DA:185,0
DA:187,0
DA:188,0
DA:190,0
DA:191,0
DA:196,0
DA:199,0
DA:200,0
DA:207,0
DA:208,0
DA:214,0
DA:215,0
DA:216,0
DA:221,0
DA:227,0
DA:229,0
DA:230,0
DA:234,0
DA:235,0
DA:236,0
DA:237,0
DA:239,0
DA:240,0
DA:241,0
DA:246,0
DA:253,0
DA:256,0
DA:257,0
DA:259,0
DA:261,0
DA:267,0
DA:268,0
DA:276,0
DA:277,0
DA:278,0
DA:280,0
DA:281,0
DA:284,0
DA:285,0
DA:286,0
DA:289,0
DA:290,0
DA:293,0
DA:294,0
DA:296,0
DA:297,0
DA:303,0
DA:304,0
DA:305,0
DA:308,0
DA:309,0
DA:310,0
DA:312,0
DA:313,0
DA:319,0
DA:320,0
DA:322,0
DA:323,0
DA:332,0
DA:333,0
DA:339,0
DA:342,0
DA:345,0
DA:346,0
DA:351,0
DA:352,0
DA:354,0
DA:355,0
DA:356,0
DA:359,0
DA:360,0
DA:363,0
DA:364,0
DA:365,0
DA:369,0
DA:372,0
DA:373,0
DA:379,0
DA:381,0
DA:382,0
DA:383,0
DA:387,0
LF:161
LH:0
BRDA:6,0,0,0
BRDA:6,0,1,0
BRDA:30,1,0,0
BRDA:30,1,1,0
BRDA:39,2,0,0
BRDA:39,2,1,0
BRDA:61,3,0,0
BRDA:61,3,1,0
BRDA:68,4,0,0
BRDA:68,4,1,0
BRDA:68,5,0,0
BRDA:68,5,1,0
BRDA:68,5,2,0
BRDA:73,6,0,0
BRDA:73,6,1,0
BRDA:74,7,0,0
BRDA:74,7,1,0
BRDA:77,8,0,0
BRDA:77,8,1,0
BRDA:77,9,0,0
BRDA:77,9,1,0
BRDA:81,10,0,0
BRDA:81,10,1,0
BRDA:81,11,0,0
BRDA:81,11,1,0
BRDA:81,11,2,0
BRDA:88,12,0,0
BRDA:88,12,1,0
BRDA:88,13,0,0
BRDA:88,13,1,0
BRDA:93,14,0,0
BRDA:93,14,1,0
BRDA:122,15,0,0
BRDA:122,15,1,0
BRDA:136,16,0,0
BRDA:136,16,1,0
BRDA:137,17,0,0
BRDA:137,17,1,0
BRDA:155,18,0,0
BRDA:155,18,1,0
BRDA:174,19,0,0
BRDA:174,19,1,0
BRDA:175,20,0,0
BRDA:175,20,1,0
BRDA:181,21,0,0
BRDA:181,21,1,0
BRDA:190,22,0,0
BRDA:190,22,1,0
BRDA:199,23,0,0
BRDA:199,23,1,0
BRDA:214,24,0,0
BRDA:214,24,1,0
BRDA:215,25,0,0
BRDA:215,25,1,0
BRDA:229,26,0,0
BRDA:229,26,1,0
BRDA:235,27,0,0
BRDA:235,27,1,0
BRDA:237,28,0,0
BRDA:237,28,1,0
BRDA:237,29,0,0
BRDA:237,29,1,0
BRDA:240,30,0,0
BRDA:240,30,1,0
BRDA:280,31,0,0
BRDA:280,31,1,0
BRDA:280,32,0,0
BRDA:280,32,1,0
BRDA:285,33,0,0
BRDA:285,33,1,0
BRDA:296,34,0,0
BRDA:296,34,1,0
BRDA:308,35,0,0
BRDA:308,35,1,0
BRDA:310,36,0,0
BRDA:310,36,1,0
BRDA:312,37,0,0
BRDA:312,37,1,0
BRDA:320,38,0,0
BRDA:320,38,1,0
BRDA:332,39,0,0
BRDA:332,39,1,0
BRDA:355,40,0,0
BRDA:355,40,1,0
BRDA:364,41,0,0
BRDA:364,41,1,0
BRF:86
BRH:0
end_of_record
TN:
SF:public/SearchableStopDropdown.js
FN:14,(anonymous_0)
FN:17,(anonymous_1)
FN:47,(anonymous_2)
FN:100,(anonymous_3)
FN:102,(anonymous_4)
FN:106,(anonymous_5)
FN:110,(anonymous_6)
FN:115,(anonymous_7)
FN:120,(anonymous_8)
FN:130,(anonymous_9)
FN:139,(anonymous_10)
FN:148,(anonymous_11)
FN:187,(anonymous_12)
FN:261,(anonymous_13)
FN:269,(anonymous_14)
FN:292,(anonymous_15)
FN:299,(anonymous_16)
FN:311,(anonymous_17)
FN:322,(anonymous_18)
FN:324,(anonymous_19)
FN:342,(anonymous_20)
FN:352,(anonymous_21)
FN:369,(anonymous_22)
FN:383,(anonymous_23)
FN:393,(anonymous_24)
FN:409,(anonymous_25)
FN:425,(anonymous_26)
FNF:27
FNH:24
FNDA:18,(anonymous_0)
FNDA:0,(anonymous_1)
FNDA:18,(anonymous_2)
FNDA:18,(anonymous_3)
FNDA:15,(anonymous_4)
FNDA:7,(anonymous_5)
FNDA:8,(anonymous_6)
FNDA:0,(anonymous_7)
FNDA:25,(anonymous_8)
FNDA:15,(anonymous_9)
FNDA:12,(anonymous_10)
FNDA:8,(anonymous_11)
FNDA:19,(anonymous_12)
FNDA:0,(anonymous_13)
FNDA:19,(anonymous_14)
FNDA:19,(anonymous_15)
FNDA:61,(anonymous_16)
FNDA:2,(anonymous_17)
FNDA:6,(anonymous_18)
FNDA:30,(anonymous_19)
FNDA:3,(anonymous_20)
FNDA:37,(anonymous_21)
FNDA:7,(anonymous_22)
FNDA:28,(anonymous_23)
FNDA:19,(anonymous_24)
FNDA:18,(anonymous_25)
FNDA:18,(anonymous_26)
DA:15,18
DA:16,18
DA:17,18
DA:18,18
DA:19,18
DA:20,18
DA:23,18
DA:24,18
DA:25,18
DA:26,18
DA:27,18
DA:28,18
DA:29,18
DA:30,18
DA:31,18
DA:32,18
DA:33,18
DA:36,18
DA:37,18
DA:40,18
DA:41,18
DA:48,18
DA:49,18
DA:50,0
DA:51,0
DA:54,18
DA:84,18
DA:102,18
DA:103,15
DA:106,18
DA:107,7
DA:110,18
DA:111,8
DA:115,18
DA:116,0
DA:120,18
DA:121,25
DA:122,23
DA:131,15
DA:134,15
DA:135,8
DA:139,15
DA:140,12
DA:141,12
DA:149,8
DA:150,0
DA:151,0
DA:152,0
DA:154,0
DA:157,8
DA:159,5
DA:160,5
DA:161,5
DA:162,5
DA:165,1
DA:166,1
DA:167,1
DA:168,1
DA:171,1
DA:172,1
DA:173,1
DA:175,1
DA:178,1
DA:179,1
DA:180,1
DA:189,19
DA:190,5
DA:194,19
DA:195,19
DA:197,19
DA:198,1
DA:199,1
DA:203,18
DA:204,18
DA:205,18
DA:208,18
DA:210,18
DA:211,18
DA:216,18
DA:217,9
DA:220,18
DA:224,18
DA:225,0
DA:228,18
DA:231,18
DA:232,18
DA:242,18
DA:244,18
DA:247,0
DA:249,0
DA:252,0
DA:253,0
DA:254,0
DA:262,0
DA:263,0
DA:270,19
DA:271,19
DA:273,19
DA:275,19
DA:276,19
DA:279,0
DA:282,19
DA:283,19
DA:285,19
DA:286,19
DA:293,19
DA:295,19
DA:296,2
DA:299,17
DA:300,61
DA:301,61
DA:302,61
DA:303,61
DA:304,61
DA:306,61
DA:307,0
DA:308,0
DA:311,61
DA:312,2
DA:315,61
DA:323,6
DA:324,6
DA:325,30
DA:326,6
DA:327,6
DA:329,6
DA:330,0
DA:333,24
DA:334,24
DA:343,3
DA:344,3
DA:345,3
DA:346,3
DA:353,37
DA:354,37
DA:355,37
DA:357,37
DA:358,37
DA:361,37
DA:362,0
DA:370,7
DA:371,7
DA:372,7
DA:375,7
DA:376,7
DA:384,28
DA:385,28
DA:386,28
DA:387,28
DA:394,19
DA:395,19
DA:397,2
DA:398,2
DA:399,1
DA:400,1
DA:403,1
DA:410,18
DA:416,18
DA:417,0
DA:418,0
DA:426,18
DA:427,7
DA:429,18
DA:430,14
DA:432,18
DA:437,1
DA:438,1
LF:167
LH:145
BRDA:16,0,0,18
BRDA:16,0,1,18
BRDA:17,1,0,18
BRDA:17,1,1,0
BRDA:18,2,0,18
BRDA:18,2,1,16
BRDA:19,3,0,18
BRDA:19,3,1,4
BRDA:20,4,0,18
BRDA:20,4,1,17
BRDA:49,5,0,0
BRDA:49,5,1,18
BRDA:121,6,0,23
BRDA:121,6,1,2
BRDA:134,7,0,8
BRDA:134,7,1,7
BRDA:149,8,0,0
BRDA:149,8,1,8
BRDA:150,9,0,0
BRDA:150,9,1,0
BRDA:157,10,0,5
BRDA:157,10,1,1
BRDA:157,10,2,1
BRDA:157,10,3,1
BRDA:172,11,0,1
BRDA:172,11,1,0
BRDA:172,12,0,1
BRDA:172,12,1,1
BRDA:189,13,0,5
BRDA:189,13,1,14
BRDA:197,14,0,1
BRDA:197,14,1,18
BRDA:216,15,0,9
BRDA:216,15,1,9
BRDA:224,16,0,0
BRDA:224,16,1,18
BRDA:231,17,0,18
BRDA:231,17,1,0
BRDA:232,18,0,18
BRDA:232,18,1,0
BRDA:247,19,0,0
BRDA:247,19,1,0
BRDA:275,20,0,19
BRDA:275,20,1,0
BRDA:295,21,0,2
BRDA:295,21,1,17
BRDA:306,22,0,0
BRDA:306,22,1,61
BRDA:325,23,0,6
BRDA:325,23,1,24
BRDA:329,24,0,0
BRDA:329,24,1,6
BRDA:353,25,0,18
BRDA:353,25,1,19
BRDA:354,26,0,0
BRDA:354,26,1,37
BRDA:356,27,0,2
BRDA:356,27,1,35
BRDA:356,28,0,37
BRDA:356,28,1,19
BRDA:356,28,2,19
BRDA:357,29,0,21
BRDA:357,29,1,16
BRDA:359,30,0,0
BRDA:359,30,1,37
BRDA:359,31,0,37
BRDA:359,31,1,19
BRDA:361,32,0,0
BRDA:361,32,1,37
BRDA:375,33,0,7
BRDA:375,33,1,0
BRDA:395,34,0,17
BRDA:395,34,1,2
BRDA:398,35,0,1
BRDA:398,35,1,1
BRDA:416,36,0,0
BRDA:416,36,1,18
BRDA:426,37,0,7
BRDA:426,37,1,11
BRDA:429,38,0,14
BRDA:429,38,1,4
BRDA:437,39,0,1
BRDA:437,39,1,0
BRDA:437,40,0,1
BRDA:437,40,1,1
BRF:85
BRH:65
end_of_record
